<?xml version="1.0" encoding="UTF-8"?>
<testExecutions version="1">
  <file path="/home/avinL/Desktop/frontend/react-app/react-demo-app/src/Components/Atoms/Icons/Index.test.tsx">
    <testCase name="should render downArrow Icon" duration="150"/>
    <testCase name="should render searchIcon Icon" duration="55"/>
  </file>
  <file path="/home/avinL/Desktop/frontend/react-app/react-demo-app/src/Components/Atoms/Logo/Index.test.tsx">
    <testCase name="should render logo" duration="43"/>
  </file>
  <file path="/home/avinL/Desktop/frontend/react-app/react-demo-app/src/Components/Molecules/IconButtons/Index.test.tsx">
    <testCase name="Icon with button tests Add icon with button" duration="104"/>
  </file>
  <file path="/home/avinL/Desktop/frontend/react-app/react-demo-app/src/Components/Molecules/Banner/Index.test.tsx">
    <testCase name="Banner Banner display" duration="110"/>
  </file>
  <file path="/home/avinL/Desktop/frontend/react-app/react-demo-app/src/Components/Molecules/Button/Index.test.tsx">
    <testCase name="Button Buttons" duration="207"/>
    <testCase name="Button Icon Button" duration="82"/>
  </file>
  <file path="/home/avinL/Desktop/frontend/react-app/react-demo-app/src/Components/Molecules/DropDown/Index.test.tsx">
    <testCase name="DropDown DropDown Explore" duration="109"/>
    <testCase name="DropDown Account dropdown" duration="25"/>
  </file>
</testExecutions>