<?xml version="1.0" encoding="UTF-8"?>
<testExecutions version="1">
  <file path="/home/avinL/Desktop/frontend/react-app/react-demo-app/src/Components/Atoms/Logo/Index.test.tsx">
    <testCase name="should render logo" duration="74"/>
  </file>
  <file path="/home/avinL/Desktop/frontend/react-app/react-demo-app/src/Components/Atoms/Icons/Index.test.tsx">
    <testCase name="should render downArrow Icon" duration="129"/>
    <testCase name="should render searchIcon Icon" duration="33"/>
  </file>
  <file path="/home/avinL/Desktop/frontend/react-app/react-demo-app/src/Components/Molecules/Banner/Index.test.tsx">
    <testCase name="Banner Banner display" duration="88"/>
  </file>
</testExecutions>